<?xml version="1.0" encoding="utf-8"?>
<test-run id="2" testcasecount="22" result="Passed" total="22" passed="22" failed="0" inconclusive="0" skipped="0" asserts="0" engine-version="3.5.0.0" clr-version="4.0.30319.42000" start-time="2026-08-06 01:33:28Z" end-time="2026-08-06 01:38:38Z" duration="309.8129149">
  <test-suite type="TestSuite" id="1034" name="2D_URP" fullname="2D_URP" runstate="Runnable" testcasecount="22" result="Passed" start-time="2026-08-06 01:33:28Z" end-time="2026-08-06 01:38:38Z" duration="309.812915" total="22" passed="22" failed="0" inconclusive="0" skipped="0" asserts="0">
    <properties>
      <property name="platform" value="PlayMode" />
    </properties>
    <test-suite type="Assembly" id="1028" name="ChartRunner.Tests.PlayMode.dll" fullname="/Users/macbook/project/cryptobill/unity/Library/ScriptAssemblies/ChartRunner.Tests.PlayMode.dll" runstate="Runnable" testcasecount="22" result="Passed" start-time="2026-08-06 01:33:28Z" end-time="2026-08-06 01:38:38Z" duration="309.789409" total="22" passed="22" failed="0" inconclusive="0" skipped="0" asserts="0">
      <properties>
        <property name="_PID" value="12296" />
        <property name="_APPDOMAIN" value="Unity Child Domain" />
        <property name="platform" value="PlayMode" />
        <property name="EditorOnly" value="False" />
      </properties>
      <test-suite type="TestSuite" id="1029" name="ChartRunner" fullname="ChartRunner" runstate="Runnable" testcasecount="22" result="Passed" start-time="2026-08-06 01:33:28Z" end-time="2026-08-06 01:38:38Z" duration="309.786680" total="22" passed="22" failed="0" inconclusive="0" skipped="0" asserts="0">
        <properties />
        <test-suite type="TestSuite" id="1030" name="Tests" fullname="ChartRunner.Tests" runstate="Runnable" testcasecount="22" result="Passed" start-time="2026-08-06 01:33:28Z" end-time="2026-08-06 01:38:38Z" duration="309.785736" total="22" passed="22" failed="0" inconclusive="0" skipped="0" asserts="0">
          <properties />
          <test-suite type="TestFixture" id="1001" name="BikePhysicsTests" fullname="ChartRunner.Tests.BikePhysicsTests" classname="ChartRunner.Tests.BikePhysicsTests" runstate="Runnable" testcasecount="8" result="Passed" start-time="2026-08-06 01:33:28Z" end-time="2026-08-06 01:33:53Z" duration="25.013456" total="8" passed="8" failed="0" inconclusive="0" skipped="0" asserts="0">
            <properties />
            <test-case id="1003" name="Bike_RestsOnFlatGround_WithoutSinkingOrDrifting" fullname="ChartRunner.Tests.BikePhysicsTests.Bike_RestsOnFlatGround_WithoutSinkingOrDrifting" methodname="Bike_RestsOnFlatGround_WithoutSinkingOrDrifting" classname="ChartRunner.Tests.BikePhysicsTests" runstate="Runnable" seed="1460776878" result="Passed" start-time="2026-08-06 01:33:28Z" end-time="2026-08-06 01:33:32Z" duration="4.153192" asserts="0">
              <properties>
                <property name="_JOINTYPE" value="UnityCombinatorial" />
                <property name="retryIteration" value="0" />
                <property name="repeatIteration" value="0" />
              </properties>
            </test-case>
            <test-case id="1009" name="FailHold_GivesRecoveryWindow_NotInstantDeath" fullname="ChartRunner.Tests.BikePhysicsTests.FailHold_GivesRecoveryWindow_NotInstantDeath" methodname="FailHold_GivesRecoveryWindow_NotInstantDeath" classname="ChartRunner.Tests.BikePhysicsTests" runstate="Runnable" seed="818766144" result="Passed" start-time="2026-08-06 01:33:32Z" end-time="2026-08-06 01:33:33Z" duration="1.023512" asserts="0">
              <properties>
                <property name="_JOINTYPE" value="UnityCombinatorial" />
                <property name="retryIteration" value="0" />
                <property name="repeatIteration" value="0" />
              </properties>
            </test-case>
            <test-case id="1002" name="Gravity_MatchesUnitsContract" fullname="ChartRunner.Tests.BikePhysicsTests.Gravity_MatchesUnitsContract" methodname="Gravity_MatchesUnitsContract" classname="ChartRunner.Tests.BikePhysicsTests" runstate="Runnable" seed="1629545052" result="Passed" start-time="2026-08-06 01:33:33Z" end-time="2026-08-06 01:33:34Z" duration="0.512086" asserts="0">
              <properties>
                <property name="_JOINTYPE" value="UnityCombinatorial" />
                <property name="retryIteration" value="0" />
                <property name="repeatIteration" value="0" />
              </properties>
            </test-case>
            <test-case id="1008" name="Reset_ClearsHiddenState_TrajectoriesMatch" fullname="ChartRunner.Tests.BikePhysicsTests.Reset_ClearsHiddenState_TrajectoriesMatch" methodname="Reset_ClearsHiddenState_TrajectoriesMatch" classname="ChartRunner.Tests.BikePhysicsTests" runstate="Runnable" seed="1751528629" result="Passed" start-time="2026-08-06 01:33:34Z" end-time="2026-08-06 01:33:42Z" duration="8.001672" asserts="0">
              <properties>
                <property name="_JOINTYPE" value="UnityCombinatorial" />
                <property name="retryIteration" value="0" />
                <property name="repeatIteration" value="0" />
              </properties>
            </test-case>
            <test-case id="1004" name="RestingBike_CarriesFullWeightOnWheels" fullname="ChartRunner.Tests.BikePhysicsTests.RestingBike_CarriesFullWeightOnWheels" methodname="RestingBike_CarriesFullWeightOnWheels" classname="ChartRunner.Tests.BikePhysicsTests" runstate="Runnable" seed="127195609" result="Passed" start-time="2026-08-06 01:33:42Z" end-time="2026-08-06 01:33:46Z" duration="3.998714" asserts="0">
              <properties>
                <property name="_JOINTYPE" value="UnityCombinatorial" />
                <property name="retryIteration" value="0" />
                <property name="repeatIteration" value="0" />
              </properties>
            </test-case>
            <test-case id="1006" name="ThrottleInAir_ProducesNoForwardAcceleration" fullname="ChartRunner.Tests.BikePhysicsTests.ThrottleInAir_ProducesNoForwardAcceleration" methodname="ThrottleInAir_ProducesNoForwardAcceleration" classname="ChartRunner.Tests.BikePhysicsTests" runstate="Runnable" seed="1339708547" result="Passed" start-time="2026-08-06 01:33:46Z" end-time="2026-08-06 01:33:47Z" duration="1.419010" asserts="0">
              <properties>
                <property name="_JOINTYPE" value="UnityCombinatorial" />
                <property name="retryIteration" value="0" />
                <property name="repeatIteration" value="0" />
              </properties>
            </test-case>
            <test-case id="1007" name="ThrottleRamp_IsTimeBased_NotPerFrame" fullname="ChartRunner.Tests.BikePhysicsTests.ThrottleRamp_IsTimeBased_NotPerFrame" methodname="ThrottleRamp_IsTimeBased_NotPerFrame" classname="ChartRunner.Tests.BikePhysicsTests" runstate="Runnable" seed="1514626773" result="Passed" start-time="2026-08-06 01:33:47Z" end-time="2026-08-06 01:33:48Z" duration="0.595701" asserts="0">
              <properties>
                <property name="_JOINTYPE" value="UnityCombinatorial" />
                <property name="retryIteration" value="0" />
                <property name="repeatIteration" value="0" />
              </properties>
            </test-case>
            <test-case id="1005" name="WeightShiftBack_IncreasesRearLoad_EmergentDriveTrade" fullname="ChartRunner.Tests.BikePhysicsTests.WeightShiftBack_IncreasesRearLoad_EmergentDriveTrade" methodname="WeightShiftBack_IncreasesRearLoad_EmergentDriveTrade" classname="ChartRunner.Tests.BikePhysicsTests" runstate="Runnable" seed="1757051580" result="Passed" start-time="2026-08-06 01:33:48Z" end-time="2026-08-06 01:33:53Z" duration="5.253841" asserts="0">
              <properties>
                <property name="_JOINTYPE" value="UnityCombinatorial" />
                <property name="retryIteration" value="0" />
                <property name="repeatIteration" value="0" />
              </properties>
            </test-case>
          </test-suite>
          <test-suite type="TestFixture" id="1010" name="CalibrationProbe" fullname="ChartRunner.Tests.CalibrationProbe" classname="ChartRunner.Tests.CalibrationProbe" runstate="Runnable" testcasecount="3" result="Passed" start-time="2026-08-06 01:33:53Z" end-time="2026-08-06 01:36:48Z" duration="174.895094" total="3" passed="3" failed="0" inconclusive="0" skipped="0" asserts="0">
            <properties />
            <test-case id="1013" name="Probe_BrakeReachesFrictionLimit" fullname="ChartRunner.Tests.CalibrationProbe.Probe_BrakeReachesFrictionLimit" methodname="Probe_BrakeReachesFrictionLimit" classname="ChartRunner.Tests.CalibrationProbe" runstate="Runnable" seed="545318798" result="Passed" start-time="2026-08-06 01:33:53Z" end-time="2026-08-06 01:35:06Z" duration="73.006930" asserts="0">
              <properties>
                <property name="_JOINTYPE" value="UnityCombinatorial" />
                <property name="Timeout" value="600000" />
                <property name="retryIteration" value="0" />
                <property name="repeatIteration" value="0" />
              </properties>
              <output><![CDATA[PROBE BRAKE (разгон на ровном до крейсера, затем полный тормоз)
  brake =    500 Н  →  путь 15.025 м с 6.22 м/с  (НЕ ОСТАНОВИЛСЯ)  замедление 1.3 м/с²  мин|ω| колеса 28.7°/с  макс.букс 0.02
  brake =   1500 Н  →  путь 11.781 м с 6.22 м/с  замедление 1.6 м/с²  мин|ω| колеса 16.6°/с  макс.букс 0.05
  brake =   3000 Н  →  путь 10.320 м с 6.22 м/с  замедление 1.9 м/с²  мин|ω| колеса 0.0°/с  макс.букс 1.00
  brake =   6000 Н  →  путь 10.324 м с 6.22 м/с  замедление 1.9 м/с²  мин|ω| колеса 0.0°/с  макс.букс 1.00
  brake =  12000 Н  →  путь 10.324 м с 6.22 м/с  замедление 1.9 м/с²  мин|ω| колеса 0.0°/с  макс.букс 1.00
    трасса торможения при 6000 Н:
      t=0.00  v=6.22  контактов=2  зад=2746  перед=2682  тангаж=0.1°
      t=0.33  v=2.42  контактов=2  зад=2256  перед=3142  тангаж=-1.1°
      t=0.67  v=2.29  контактов=2  зад=2694  перед=2730  тангаж=0.0°
      t=1.00  v=2.13  контактов=2  зад=2698  перед=2726  тангаж=0.0°
      t=1.33  v=1.98  контактов=2  зад=2698  перед=2724  тангаж=0.0°
      t=1.67  v=1.84  контактов=2  зад=2699  перед=2724  тангаж=0.0°
      t=2.00  v=1.71  контактов=2  зад=2700  перед=2724  тангаж=0.0°
      t=2.33  v=1.58  контактов=2  зад=2704  перед=2726  тангаж=0.0°
      t=2.67  v=1.47  контактов=2  зад=2696  перед=2717  тангаж=0.0°
      t=3.00  v=1.36  контактов=2  зад=2700  перед=2721  тангаж=0.0°
      t=3.33  v=1.25  контактов=2  зад=2705  перед=2725  тангаж=0.0°
      t=3.67  v=1.15  контактов=2  зад=2703  перед=2722  тангаж=0.0°
      t=4.00  v=1.06  контактов=2  зад=2704  перед=2723  тангаж=0.0°
      t=4.33  v=0.97  контактов=2  зад=2704  перед=2721  тангаж=0.0°
      t=4.67  v=0.89  контактов=2  зад=2706  перед=2723  тангаж=0.0°
      t=5.00  v=0.81  контактов=2  зад=2704  перед=2721  тангаж=0.0°
      t=5.33  v=0.73  контактов=2  зад=2704  перед=2720  тангаж=0.0°
      t=5.67  v=0.66  контактов=2  зад=2705  перед=2720  тангаж=0.0°
      t=6.00  v=0.59  контактов=2  зад=2705  перед=2720  тангаж=0.0°
      t=6.33  v=0.53  контактов=2  зад=2705  перед=2719  тангаж=0.0°
      t=6.67  v=0.47  контактов=2  зад=2705  перед=2719  тангаж=0.0°
      t=7.00  v=0.42  контактов=2  зад=2704  перед=2718  тангаж=0.0°
      t=7.33  v=0.36  контактов=2  зад=2706  перед=2719  тангаж=0.0°
      t=7.67  v=0.31  контактов=2  зад=2706  перед=2718  тангаж=0.0°
      t=8.00  v=0.27  контактов=2  зад=2706  перед=2718  тангаж=0.0°
      t=8.33  v=0.22  контактов=2  зад=2706  перед=2718  тангаж=0.0°
      t=8.67  v=0.18  контактов=2  зад=2706  перед=2718  тангаж=0.0°
      t=9.00  v=0.14  контактов=2  зад=2707  перед=2718  тангаж=0.0°
      t=9.33  v=0.10  контактов=2  зад=2707  перед=2718  тангаж=0.0°
  предел сцепления по теории: µ·g = 1.2 × 26.46 = 31.8 м/с²

]]></output>
            </test-case>
            <test-case id="1011" name="Probe_CruiseMatchesSourceReference" fullname="ChartRunner.Tests.CalibrationProbe.Probe_CruiseMatchesSourceReference" methodname="Probe_CruiseMatchesSourceReference" classname="ChartRunner.Tests.CalibrationProbe" runstate="Runnable" seed="606831096" result="Passed" start-time="2026-08-06 01:35:06Z" end-time="2026-08-06 01:35:16Z" duration="10.000664" asserts="0">
              <properties>
                <property name="_JOINTYPE" value="UnityCombinatorial" />
                <property name="retryIteration" value="0" />
                <property name="repeatIteration" value="0" />
              </properties>
              <output><![CDATA[PROBE CRUISE
  установившийся крейсер = 6.216 м/с (22.4 км/ч)
  эталон исходника (КРОСС 250) = 6.271 м/с (22.6 км/ч)
  отклонение = -0.9 %
]]></output>
            </test-case>
            <test-case id="1012" name="Probe_EngineAndFrictionGridOn45DegreeClimb" fullname="ChartRunner.Tests.CalibrationProbe.Probe_EngineAndFrictionGridOn45DegreeClimb" methodname="Probe_EngineAndFrictionGridOn45DegreeClimb" classname="ChartRunner.Tests.CalibrationProbe" runstate="Runnable" seed="501422354" result="Passed" start-time="2026-08-06 01:35:16Z" end-time="2026-08-06 01:36:48Z" duration="91.873841" asserts="0">
              <properties>
                <property name="_JOINTYPE" value="UnityCombinatorial" />
                <property name="Timeout" value="600000" />
                <property name="retryIteration" value="0" />
                <property name="repeatIteration" value="0" />
              </properties>
              <output><![CDATA[PROBE 45° CLIMB GRID (площадка SteepClimb, уклон 45.0° по сетке)
  engineN × friction → доехал до вершины / макс продвижение / мин скорость
   3000 Н × 1.0  →  нет  x=  50.9 м из 63.6 м  vmin=-3.88  отказ=None
   3000 Н × 1.2  →  нет  x=  50.9 м из 63.6 м  vmin=-3.89  отказ=None
   4000 Н × 1.0  →  нет  x=  51.7 м из 63.6 м  vmin=-3.88  отказ=None
   4000 Н × 1.2  →  ДА   x=  63.7 м из 63.6 м  vmin=4.95  отказ=None
   6000 Н × 1.0  →  нет  x=  51.7 м из 63.6 м  vmin=-3.85  отказ=None
   6000 Н × 1.2  →  ДА   x=  63.7 м из 63.6 м  vmin=2.59  отказ=None

]]></output>
            </test-case>
          </test-suite>
          <test-suite type="TestFixture" id="1014" name="LabScenarioTests" fullname="ChartRunner.Tests.LabScenarioTests" classname="ChartRunner.Tests.LabScenarioTests" runstate="Runnable" testcasecount="4" result="Passed" start-time="2026-08-06 01:36:48Z" end-time="2026-08-06 01:37:28Z" duration="39.755300" total="4" passed="4" failed="0" inconclusive="0" skipped="0" asserts="0">
            <properties />
            <test-case id="1016" name="Scenario_JumpAndLanding_GoesAirborneAndLandsCleanly" fullname="ChartRunner.Tests.LabScenarioTests.Scenario_JumpAndLanding_GoesAirborneAndLandsCleanly" methodname="Scenario_JumpAndLanding_GoesAirborneAndLandsCleanly" classname="ChartRunner.Tests.LabScenarioTests" runstate="Runnable" seed="100547419" result="Passed" start-time="2026-08-06 01:36:48Z" end-time="2026-08-06 01:36:55Z" duration="7.051864" asserts="0">
              <properties>
                <property name="_JOINTYPE" value="UnityCombinatorial" />
                <property name="Timeout" value="180000" />
                <property name="retryIteration" value="0" />
                <property name="repeatIteration" value="0" />
              </properties>
              <output><![CDATA[SCENARIO jump and landing
  макс.время в воздухе=0.250 с  был в воздухе=True  сел=True  макс|тангаж|=90.5°  отказ=None
  макс.скорость=16.12 м/с при x=47.26 м
  мин.контактов за прогон=0  кадров с 1 контактом=37  кадров с 0 контактов=18
  трасса у липа (x 24..50 м):
    x=24.3 y=7.79 v=13.2 vy=-7.7 контактов=2 уклон=-14.4°
    x=25.8 y=7.35 v=12.8 vy=-1.2 контактов=2 уклон=0.0°
    x=27.0 y=7.50 v=12.7 vy=2.5 контактов=2 уклон=0.0°
    x=28.3 y=7.67 v=12.4 vy=0.7 контактов=2 уклон=0.0°
    x=29.5 y=7.64 v=12.2 vy=-0.8 контактов=2 уклон=0.0°
    x=30.7 y=7.58 v=12.0 vy=-0.3 контактов=2 уклон=0.0°
    x=31.9 y=7.61 v=11.5 vy=0.9 контактов=2 уклон=5.1°
    x=33.1 y=7.84 v=10.6 vy=3.0 контактов=2 уклон=23.0°
    x=34.1 y=8.31 v=9.0 vy=5.0 контактов=2 уклон=33.3°
    x=34.7 y=8.90 v=7.4 vy=5.5 контактов=2 уклон=42.7°
    x=35.2 y=9.43 v=5.6 vy=4.4 контактов=2 уклон=42.7°
    x=35.5 y=9.86 v=4.9 vy=3.7 контактов=1 уклон=51.5°
    x=35.9 y=10.21 v=4.7 vy=3.5 контактов=1 уклон=51.5°
    x=36.0 y=10.40 v=4.4 vy=3.0 контактов=0 уклон=51.5°
    x=36.0 y=10.50 v=3.2 vy=-0.3 контактов=0 уклон=51.5°
    x=36.2 y=10.39 v=4.2 vy=-2.8 контактов=0 уклон=-37.4°
    x=36.5 y=9.97 v=5.6 vy=-5.0 контактов=0 уклон=-37.4°
    x=36.9 y=9.45 v=7.3 vy=-5.4 контактов=2 уклон=-51.2°
    x=37.5 y=8.95 v=8.6 vy=-5.5 контактов=2 уклон=-51.2°
    x=38.2 y=8.25 v=10.3 vy=-7.4 контактов=2 уклон=-41.2°
    x=39.0 y=7.43 v=11.8 vy=-8.2 контактов=2 уклон=-38.3°
    x=40.0 y=6.61 v=13.1 vy=-7.8 контактов=2 уклон=-35.2°
    x=41.2 y=5.84 v=14.2 vy=-7.3 контактов=2 уклон=-28.8°
    x=42.6 y=5.12 v=15.1 vy=-6.5 контактов=2 уклон=-25.6°
    x=44.0 y=4.52 v=15.7 vy=-5.2 контактов=2 уклон=-19.1°
    x=45.6 y=4.09 v=16.0 vy=-3.4 контактов=2 уклон=-9.8°
    x=47.3 y=3.87 v=16.1 vy=-1.5 контактов=2 уклон=-4.3°
    x=48.9 y=3.81 v=16.0 vy=0.1 контактов=2 уклон=-0.1°

]]></output>
            </test-case>
            <test-case id="1015" name="Scenario_LowSpeedClimb_ReachesTopWithoutSlidingBack" fullname="ChartRunner.Tests.LabScenarioTests.Scenario_LowSpeedClimb_ReachesTopWithoutSlidingBack" methodname="Scenario_LowSpeedClimb_ReachesTopWithoutSlidingBack" classname="ChartRunner.Tests.LabScenarioTests" runstate="Runnable" seed="1661011846" result="Passed" start-time="2026-08-06 01:36:55Z" end-time="2026-08-06 01:37:05Z" duration="10.310628" asserts="0">
              <properties>
                <property name="_JOINTYPE" value="UnityCombinatorial" />
                <property name="Timeout" value="180000" />
                <property name="retryIteration" value="0" />
                <property name="repeatIteration" value="0" />
              </properties>
              <output><![CDATA[SCENARIO low-speed climb
  доехал=True  мин.скорость на подъёме=4.95 м/с  макс.тангаж к склону=5.9°  отказ=None
]]></output>
            </test-case>
            <test-case id="1018" name="Scenario_SafeRestartAfterFailure" fullname="ChartRunner.Tests.LabScenarioTests.Scenario_SafeRestartAfterFailure" methodname="Scenario_SafeRestartAfterFailure" classname="ChartRunner.Tests.LabScenarioTests" runstate="Runnable" seed="1461491063" result="Passed" start-time="2026-08-06 01:37:05Z" end-time="2026-08-06 01:37:10Z" duration="5.010822" asserts="0">
              <properties>
                <property name="_JOINTYPE" value="UnityCombinatorial" />
                <property name="Timeout" value="180000" />
                <property name="retryIteration" value="0" />
                <property name="repeatIteration" value="0" />
              </properties>
              <output><![CDATA[SCENARIO safe restart
  после сброса: x=23.53 м  скорость=6.22 м/с  контактов=2  отказ=None
]]></output>
            </test-case>
            <test-case id="1017" name="Scenario_SteepDescentBraking_BrakingBeatsCoasting" fullname="ChartRunner.Tests.LabScenarioTests.Scenario_SteepDescentBraking_BrakingBeatsCoasting" methodname="Scenario_SteepDescentBraking_BrakingBeatsCoasting" classname="ChartRunner.Tests.LabScenarioTests" runstate="Runnable" seed="724924532" result="Passed" start-time="2026-08-06 01:37:10Z" end-time="2026-08-06 01:37:28Z" duration="17.372008" asserts="0">
              <properties>
                <property name="_JOINTYPE" value="UnityCombinatorial" />
                <property name="Timeout" value="180000" />
                <property name="retryIteration" value="0" />
                <property name="repeatIteration" value="0" />
              </properties>
              <output><![CDATA[SCENARIO steep descent braking (уклон −44°)
  скат без тормоза: скорость у подножия 30.76 м/с
  с полным тормозом: 14.22 м/с
  выигрыш тормоза: 53.8 %
]]></output>
            </test-case>
          </test-suite>
          <test-suite type="TestFixture" id="1019" name="SuspensionCalibrationProbe" fullname="ChartRunner.Tests.SuspensionCalibrationProbe" classname="ChartRunner.Tests.SuspensionCalibrationProbe" runstate="Runnable" testcasecount="1" result="Passed" start-time="2026-08-06 01:37:28Z" end-time="2026-08-06 01:37:58Z" duration="29.998480" total="1" passed="1" failed="0" inconclusive="0" skipped="0" asserts="0">
            <properties />
            <test-case id="1020" name="Probe_SagVersusFrequency" fullname="ChartRunner.Tests.SuspensionCalibrationProbe.Probe_SagVersusFrequency" methodname="Probe_SagVersusFrequency" classname="ChartRunner.Tests.SuspensionCalibrationProbe" runstate="Runnable" seed="1705187498" result="Passed" start-time="2026-08-06 01:37:28Z" end-time="2026-08-06 01:37:58Z" duration="29.992949" asserts="0">
              <properties>
                <property name="_JOINTYPE" value="UnityCombinatorial" />
                <property name="retryIteration" value="0" />
                <property name="repeatIteration" value="0" />
              </properties>
              <output><![CDATA[PROBE SAG vs FREQUENCY (ход 0.30 м, цель просадки ≈0.10 м)
  f =  3 Гц  →  просадка 0.5903 м  (jointTranslation 0.5912)
  f =  5 Гц  →  просадка 0.2550 м  (jointTranslation 0.2550)
  f =  8 Гц  →  просадка 0.0996 м  (jointTranslation 0.0996)
  f = 12 Гц  →  просадка 0.0443 м  (jointTranslation 0.0443)
  f = 16 Гц  →  просадка 0.0249 м  (jointTranslation 0.0249)
  f = 22 Гц  →  просадка 0.0132 м  (jointTranslation 0.0132)

]]></output>
            </test-case>
          </test-suite>
          <test-suite type="TestFixture" id="1021" name="TelemetryTests" fullname="ChartRunner.Tests.TelemetryTests" classname="ChartRunner.Tests.TelemetryTests" runstate="Runnable" testcasecount="6" result="Passed" start-time="2026-08-06 01:37:58Z" end-time="2026-08-06 01:38:38Z" duration="40.117502" total="6" passed="6" failed="0" inconclusive="0" skipped="0" asserts="0">
            <properties />
            <test-case id="1026" name="Overlay_ShowsEveryFieldRequiredByTheHandoff" fullname="ChartRunner.Tests.TelemetryTests.Overlay_ShowsEveryFieldRequiredByTheHandoff" methodname="Overlay_ShowsEveryFieldRequiredByTheHandoff" classname="ChartRunner.Tests.TelemetryTests" runstate="Runnable" seed="875840707" result="Passed" start-time="2026-08-06 01:37:58Z" end-time="2026-08-06 01:38:01Z" duration="3.004286" asserts="0">
              <properties>
                <property name="_JOINTYPE" value="UnityCombinatorial" />
                <property name="Timeout" value="180000" />
                <property name="retryIteration" value="0" />
                <property name="repeatIteration" value="0" />
              </properties>
              <output><![CDATA[TELEMETRY OVERLAY
состояние   Neutral
скорость    6.22 м/с  (22 км/ч)
тангаж      0.1°  к склону 0.1°
угл.скор.   0°/с
уклон       0.0°
колёс на з. 2   воздух 0.00 с
газ 1.00   тормоз 0.00   вес  0.00
подвеска    зад 0.101 м   перед 0.099 м
прижим      зад 2739 Н   перед 2684 Н
букс зада   0.01   выдержка отказа 0.00 с
дистанция   10.9 м
]]></output>
            </test-case>
            <test-case id="1022" name="Telemetry_DoesNotPerturbPhysics" fullname="ChartRunner.Tests.TelemetryTests.Telemetry_DoesNotPerturbPhysics" methodname="Telemetry_DoesNotPerturbPhysics" classname="ChartRunner.Tests.TelemetryTests" runstate="Runnable" seed="16357011" result="Passed" start-time="2026-08-06 01:38:01Z" end-time="2026-08-06 01:38:17Z" duration="16.012028" asserts="0">
              <properties>
                <property name="_JOINTYPE" value="UnityCombinatorial" />
                <property name="Timeout" value="180000" />
                <property name="retryIteration" value="0" />
                <property name="repeatIteration" value="0" />
              </properties>
              <output><![CDATA[TELEMETRY PERTURBATION
  макс расхождение траекторий = 0.000000 на кадре -1 из 480
  (площадка с прыжком выбрана намеренно: воздух и посадка усиливают любое расхождение)
]]></output>
            </test-case>
            <test-case id="1023" name="Telemetry_ReadsControllerStateNotItsOwnCopy" fullname="ChartRunner.Tests.TelemetryTests.Telemetry_ReadsControllerStateNotItsOwnCopy" methodname="Telemetry_ReadsControllerStateNotItsOwnCopy" classname="ChartRunner.Tests.TelemetryTests" runstate="Runnable" seed="698987248" result="Passed" start-time="2026-08-06 01:38:17Z" end-time="2026-08-06 01:38:19Z" duration="2.003630" asserts="0">
              <properties>
                <property name="_JOINTYPE" value="UnityCombinatorial" />
                <property name="Timeout" value="180000" />
                <property name="retryIteration" value="0" />
                <property name="repeatIteration" value="0" />
              </properties>
            </test-case>
            <test-case id="1025" name="Telemetry_StateClassifierDistinguishesSituations" fullname="ChartRunner.Tests.TelemetryTests.Telemetry_StateClassifierDistinguishesSituations" methodname="Telemetry_StateClassifierDistinguishesSituations" classname="ChartRunner.Tests.TelemetryTests" runstate="Runnable" seed="729548197" result="Passed" start-time="2026-08-06 01:38:19Z" end-time="2026-08-06 01:38:26Z" duration="7.076178" asserts="0">
              <properties>
                <property name="_JOINTYPE" value="UnityCombinatorial" />
                <property name="Timeout" value="180000" />
                <property name="retryIteration" value="0" />
                <property name="repeatIteration" value="0" />
              </properties>
              <output><![CDATA[TELEMETRY STATES
  встречены: Airborne, Climbing, Descending, Neutral, Stoppie, Wheelie
]]></output>
            </test-case>
            <test-case id="1027" name="Telemetry_SummaryMatchesBufferContents" fullname="ChartRunner.Tests.TelemetryTests.Telemetry_SummaryMatchesBufferContents" methodname="Telemetry_SummaryMatchesBufferContents" classname="ChartRunner.Tests.TelemetryTests" runstate="Runnable" seed="74575206" result="Passed" start-time="2026-08-06 01:38:26Z" end-time="2026-08-06 01:38:33Z" duration="7.015855" asserts="0">
              <properties>
                <property name="_JOINTYPE" value="UnityCombinatorial" />
                <property name="Timeout" value="180000" />
                <property name="retryIteration" value="0" />
                <property name="repeatIteration" value="0" />
              </properties>
              <output><![CDATA[TELEMETRY SUMMARY
  снимков 420  длительность 7.00 с  дистанция 60.9 м
  скорость макс 16.12  средняя 9.38 м/с
  доля воздуха 0.043  макс тангаж к склону 90.5°
  макс сжатие зад 0.383 перед 0.399 м
  макс прижим зада 8682 Н  макс букс 0.81
]]></output>
            </test-case>
            <test-case id="1024" name="Telemetry_SuspensionCompressionIsFilledAndMatchesStaticSag" fullname="ChartRunner.Tests.TelemetryTests.Telemetry_SuspensionCompressionIsFilledAndMatchesStaticSag" methodname="Telemetry_SuspensionCompressionIsFilledAndMatchesStaticSag" classname="ChartRunner.Tests.TelemetryTests" runstate="Runnable" seed="1391933353" result="Passed" start-time="2026-08-06 01:38:33Z" end-time="2026-08-06 01:38:38Z" duration="4.994126" asserts="0">
              <properties>
                <property name="_JOINTYPE" value="UnityCombinatorial" />
                <property name="Timeout" value="180000" />
                <property name="retryIteration" value="0" />
                <property name="repeatIteration" value="0" />
              </properties>
              <output><![CDATA[TELEMETRY SUSPENSION
  сжатие: зад 0.100 м, перед 0.100 м
  эталон статической просадки при 8 Гц = 0.0996 м
Saving results to: /Users/macbook/Library/Application Support/DefaultCompany/2D_URP/TestResults.xml
]]></output>
            </test-case>
          </test-suite>
        </test-suite>
      </test-suite>
    </test-suite>
  </test-suite>
</test-run>